
 ===========================>     TALLY 28     <============================

 Cell 1
   Incoming Energy [0, 2e+07)
     Total Material
       Flux                                 10.5853        +/- 2.42185E-02
       Total Reaction Rate                  4.96652        +/- 1.13967E-02
       Nu-Fission Rate                      1.27715        +/- 7.35461E-03
 Cell 2
   Incoming Energy [0, 2e+07)
     Total Material
       Flux                                 24.2598        +/- 5.06474E-02
       Total Reaction Rate                  26.4337        +/- 6.91460E-02
       Nu-Fission Rate                      0.0            +/- 0.0

 ===========================>     TALLY 23     <============================

 Cell 1
   Incoming Energy [0, 2e+07)
     Total Material
       Flux                                 10.5735        +/- 3.10319E-02
       Nu-Fission Rate                      1.29097        +/- 6.17091E-03
 Cell 2
   Incoming Energy [0, 2e+07)
     Total Material
       Flux                                 24.2575        +/- 4.71461E-02
       Nu-Fission Rate                      0.0            +/- 0.0

 ===========================>     TALLY 20     <============================

 Cell 1
   Incoming Energy [0, 2e+07)
     Outgoing Energy [0, 2e+07)
       Legendre expansion, P0
         Total Material
           Scattering Rate                      4.10974        +/- 1.25654E-02
 Cell 2
   Incoming Energy [0, 2e+07)
     Outgoing Energy [0, 2e+07)
       Legendre expansion, P0
         Total Material
           Scattering Rate                      26.3031        +/- 7.18669E-02

 ===========================>     TALLY 24     <============================

 Cell 1
   Outgoing Energy [0, 2e+07)
     Total Material
       Nu-Fission Rate                      1.29097        +/- 6.17091E-03
 Cell 2
   Outgoing Energy [0, 2e+07)
     Total Material
       Nu-Fission Rate                      0.0            +/- 0.0
